<?xml version="1.0" encoding="UTF-8"?>
<!-- Generated by org.testng.reporters.JUnitReportReporter -->
<testsuite hostname="LAPTOP-VTHU0IBU" failures="0" tests="1" name="frameworkpackage.ErrorValidation" time="4.462" errors="0" timestamp="2024-02-14T15:56:40 IST" skipped="0">
  <testcase classname="frameworkpackage.ErrorValidation" name="ErrorCheck" time="4.462"/>
</testsuite> <!-- frameworkpackage.ErrorValidation -->
