<?xml version="1.0" encoding="UTF-8"?>
<!-- Generated by org.testng.reporters.JUnitReportReporter -->
<testsuite hostname="LAPTOP-VTHU0IBU" failures="0" tests="2" name="frameworkpackage.MyClass" time="86.908" errors="0" timestamp="2024-02-14T15:54:48 IST" skipped="0">
  <testcase classname="frameworkpackage.MyClass" name="AppiumTest" time="30.141"/>
  <testcase classname="frameworkpackage.MyClass" name="AppiumTest" time="56.767"/>
</testsuite> <!-- frameworkpackage.MyClass -->
